<?xml version="1.0" encoding="UTF-8"?>
<testsuite xmlns:xsi="http://www.w3.org/2001/XMLSchema-instance" xsi:noNamespaceSchemaLocation="https://maven.apache.org/surefire/maven-surefire-plugin/xsd/surefire-test-report.xsd" version="3.0.2" name="com.example.jwtAuthentication.JwtAuthenticationApplicationTests" time="7.992" tests="1" errors="0" skipped="0" failures="0">
  <properties>
[...]
</properties>
  <testcase name="contextLoads" classname="com.example.jwtAuthentication.JwtAuthenticationApplicationTests" time="0.58">
    <system-out><![CDATA[07:23:57.439 [main] INFO org.springframework.test.context.support.AnnotationConfigContextLoaderUtils -- Could not detect default configuration classes for test class [com.example.jwtAuthentication.JwtAuthenticationApplicationTests]: JwtAuthenticationApplicationTests does not declare any static, non-private, non-final, nested classes annotated with @Configuration.
07:23:57.585 [main] INFO org.springframework.boot.test.context.SpringBootTestContextBootstrapper -- Found @SpringBootConfiguration com.example.jwtAuthentication.JwtAuthenticationApplication for test class com.example.jwtAuthentication.JwtAuthenticationApplicationTests
07:23:57.819 [main] INFO org.springframework.boot.devtools.restart.RestartApplicationListener -- Restart disabled due to context in which it is running

  .   ____          _            __ _ _
 /\\ / ___'_ __ _ _(_)_ __  __ _ \ \ \ \
( ( )\___ | '_ | '_| | '_ \/ _` | \ \ \ \
 \\/  ___)| |_)| | | | | || (_| |  ) ) ) )
  '  |____| .__|_| |_|_| |_\__, | / / / /
 =========|_|==============|___/=/_/_/_/

 :: Spring Boot ::                (v4.0.1)

2026-01-05T07:23:58.267Z  INFO 10713 --- [           main] c.e.j.JwtAuthenticationApplicationTests  : Starting JwtAuthenticationApplicationTests using Java 17.0.17 with PID 10713 (started by labuser in /home/labuser/Downloads/jwtAuthentication)
2026-01-05T07:23:58.270Z  INFO 10713 --- [           main] c.e.j.JwtAuthenticationApplicationTests  : No active profile set, falling back to 1 default profile: "default"
2026-01-05T07:23:59.330Z  INFO 10713 --- [           main] .s.d.r.c.RepositoryConfigurationDelegate : Bootstrapping Spring Data JPA repositories in DEFAULT mode.
2026-01-05T07:23:59.412Z  INFO 10713 --- [           main] .s.d.r.c.RepositoryConfigurationDelegate : Finished Spring Data repository scanning in 68 ms. Found 1 JPA repository interface.
2026-01-05T07:24:00.143Z  INFO 10713 --- [           main] org.hibernate.orm.jpa                    : HHH008540: Processing PersistenceUnitInfo [name: default]
2026-01-05T07:24:00.215Z  INFO 10713 --- [           main] org.hibernate.orm.core                   : HHH000001: Hibernate ORM core version 7.2.0.Final
2026-01-05T07:24:00.919Z  INFO 10713 --- [           main] o.s.o.j.p.SpringPersistenceUnitInfo      : No LoadTimeWeaver setup: ignoring JPA class transformer
2026-01-05T07:24:00.965Z  INFO 10713 --- [           main] com.zaxxer.hikari.HikariDataSource       : HikariPool-1 - Starting...
2026-01-05T07:24:01.434Z  INFO 10713 --- [           main] com.zaxxer.hikari.pool.HikariPool        : HikariPool-1 - Added connection com.mysql.cj.jdbc.ConnectionImpl@79b4cff
2026-01-05T07:24:01.437Z  INFO 10713 --- [           main] com.zaxxer.hikari.HikariDataSource       : HikariPool-1 - Start completed.
2026-01-05T07:24:01.514Z  WARN 10713 --- [           main] org.hibernate.orm.deprecation            : HHH90000025: MySQLDialect does not need to be specified explicitly using 'hibernate.dialect' (remove the property setting and it will be selected by default)
2026-01-05T07:24:01.542Z  INFO 10713 --- [           main] org.hibernate.orm.connections.pooling    : HHH10001005: Database info:
	Database JDBC URL [jdbc:mysql://localhost:3306/jwt_security]
	Database driver: MySQL Connector/J
	Database dialect: MySQLDialect
	Database version: 8.0.44
	Default catalog/schema: jwt_security/undefined
	Autocommit mode: undefined/unknown
	Isolation level: REPEATABLE_READ [default REPEATABLE_READ]
	JDBC fetch size: none
	Pool: DataSourceConnectionProvider
	Minimum pool size: undefined/unknown
	Maximum pool size: undefined/unknown
2026-01-05T07:24:02.820Z  INFO 10713 --- [           main] org.hibernate.orm.core                   : HHH000489: No JTA platform available (set 'hibernate.transaction.jta.platform' to enable JTA platform integration)
Hibernate: 
    drop table if exists _user
Hibernate: 
    create table _user (
        id integer not null auto_increment,
        email varchar(255),
        first_name varchar(255),
        last_name varchar(255),
        password varchar(255),
        role enum ('ADMIN','USER'),
        primary key (id)
    ) engine=InnoDB
2026-01-05T07:24:02.956Z  INFO 10713 --- [           main] j.LocalContainerEntityManagerFactoryBean : Initialized JPA EntityManagerFactory for persistence unit 'default'
2026-01-05T07:24:03.128Z  WARN 10713 --- [           main] JpaBaseConfiguration$JpaWebConfiguration : spring.jpa.open-in-view is enabled by default. Therefore, database queries may be performed during view rendering. Explicitly configure spring.jpa.open-in-view to disable this warning
2026-01-05T07:24:03.773Z  INFO 10713 --- [           main] o.s.d.j.r.query.QueryEnhancerFactories   : Hibernate is in classpath; If applicable, HQL parser will be used.
2026-01-05T07:24:04.053Z  WARN 10713 --- [           main] .s.a.UserDetailsServiceAutoConfiguration : 

Using generated security password: 736b2213-9f38-4129-9e61-26d36989bb6a

This generated password is for development use only. Your security configuration must be updated before running your application in production.

2026-01-05T07:24:04.135Z  INFO 10713 --- [           main] r$InitializeUserDetailsManagerConfigurer : Global AuthenticationManager configured with UserDetailsService bean with name inMemoryUserDetailsManager
2026-01-05T07:24:04.524Z  INFO 10713 --- [           main] c.e.j.JwtAuthenticationApplicationTests  : Started JwtAuthenticationApplicationTests in 6.72 seconds (process running for 8.539)
]]></system-out>
  </testcase>
</testsuite>