<?xml version="1.0" encoding="UTF-8"?>
<testsuite xmlns:xsi="http://www.w3.org/2001/XMLSchema-instance" xsi:noNamespaceSchemaLocation="https://maven.apache.org/surefire/maven-surefire-plugin/xsd/surefire-test-report.xsd" version="3.0.2" name="com.example.SmartMusicSystem.SmartMusicSystemApplicationTests" time="8.264" tests="1" errors="0" skipped="0" failures="0">
  <properties>
[...]
</properties>
  <testcase name="contextLoads" classname="com.example.SmartMusicSystem.SmartMusicSystemApplicationTests" time="0.576">
    <system-out><![CDATA[07:18:47.148 [main] INFO org.springframework.test.context.support.AnnotationConfigContextLoaderUtils -- Could not detect default configuration classes for test class [com.example.SmartMusicSystem.SmartMusicSystemApplicationTests]: SmartMusicSystemApplicationTests does not declare any static, non-private, non-final, nested classes annotated with @Configuration.
07:18:47.298 [main] INFO org.springframework.boot.test.context.SpringBootTestContextBootstrapper -- Found @SpringBootConfiguration com.example.SmartMusicSystem.SmartMusicSystemApplication for test class com.example.SmartMusicSystem.SmartMusicSystemApplicationTests

  .   ____          _            __ _ _
 /\\ / ___'_ __ _ _(_)_ __  __ _ \ \ \ \
( ( )\___ | '_ | '_| | '_ \/ _` | \ \ \ \
 \\/  ___)| |_)| | | | | || (_| |  ) ) ) )
  '  |____| .__|_| |_|_| |_\__, | / / / /
 =========|_|==============|___/=/_/_/_/

 :: Spring Boot ::                (v4.0.1)

2026-01-02T07:18:47.927Z  INFO 29582 --- [SmartMusicSystem] [           main] c.e.S.SmartMusicSystemApplicationTests   : Starting SmartMusicSystemApplicationTests using Java 17.0.17 with PID 29582 (started by labuser in /home/labuser/Downloads/SmartMusicSystem)
2026-01-02T07:18:47.930Z  INFO 29582 --- [SmartMusicSystem] [           main] c.e.S.SmartMusicSystemApplicationTests   : No active profile set, falling back to 1 default profile: "default"
2026-01-02T07:18:49.230Z  INFO 29582 --- [SmartMusicSystem] [           main] .s.d.r.c.RepositoryConfigurationDelegate : Bootstrapping Spring Data JPA repositories in DEFAULT mode.
2026-01-02T07:18:49.316Z  INFO 29582 --- [SmartMusicSystem] [           main] .s.d.r.c.RepositoryConfigurationDelegate : Finished Spring Data repository scanning in 71 ms. Found 3 JPA repository interfaces.
2026-01-02T07:18:50.031Z  INFO 29582 --- [SmartMusicSystem] [           main] org.hibernate.orm.jpa                    : HHH008540: Processing PersistenceUnitInfo [name: default]
2026-01-02T07:18:50.109Z  INFO 29582 --- [SmartMusicSystem] [           main] org.hibernate.orm.core                   : HHH000001: Hibernate ORM core version 7.2.0.Final
2026-01-02T07:18:50.707Z  INFO 29582 --- [SmartMusicSystem] [           main] o.s.o.j.p.SpringPersistenceUnitInfo      : No LoadTimeWeaver setup: ignoring JPA class transformer
2026-01-02T07:18:50.746Z  INFO 29582 --- [SmartMusicSystem] [           main] com.zaxxer.hikari.HikariDataSource       : HikariPool-1 - Starting...
2026-01-02T07:18:51.261Z  INFO 29582 --- [SmartMusicSystem] [           main] com.zaxxer.hikari.pool.HikariPool        : HikariPool-1 - Added connection com.mysql.cj.jdbc.ConnectionImpl@18f4086e
2026-01-02T07:18:51.264Z  INFO 29582 --- [SmartMusicSystem] [           main] com.zaxxer.hikari.HikariDataSource       : HikariPool-1 - Start completed.
2026-01-02T07:18:51.353Z  WARN 29582 --- [SmartMusicSystem] [           main] org.hibernate.orm.deprecation            : HHH90000025: MySQLDialect does not need to be specified explicitly using 'hibernate.dialect' (remove the property setting and it will be selected by default)
2026-01-02T07:18:51.389Z  INFO 29582 --- [SmartMusicSystem] [           main] org.hibernate.orm.connections.pooling    : HHH10001005: Database info:
	Database JDBC URL [jdbc:mysql://localhost:3306/MusicSystem?createDatabaseIfNotExist=true&serverTimezone=UTC]
	Database driver: MySQL Connector/J
	Database dialect: MySQLDialect
	Database version: 8.0.44
	Default catalog/schema: MusicSystem/undefined
	Autocommit mode: undefined/unknown
	Isolation level: REPEATABLE_READ [default REPEATABLE_READ]
	JDBC fetch size: none
	Pool: DataSourceConnectionProvider
	Minimum pool size: undefined/unknown
	Maximum pool size: undefined/unknown
2026-01-02T07:18:52.783Z  INFO 29582 --- [SmartMusicSystem] [           main] org.hibernate.orm.core                   : HHH000489: No JTA platform available (set 'hibernate.transaction.jta.platform' to enable JTA platform integration)
2026-01-02T07:18:52.931Z  INFO 29582 --- [SmartMusicSystem] [           main] j.LocalContainerEntityManagerFactoryBean : Initialized JPA EntityManagerFactory for persistence unit 'default'
2026-01-02T07:18:53.127Z  INFO 29582 --- [SmartMusicSystem] [           main] o.s.d.j.r.query.QueryEnhancerFactories   : Hibernate is in classpath; If applicable, HQL parser will be used.
2026-01-02T07:18:53.631Z  WARN 29582 --- [SmartMusicSystem] [           main] JpaBaseConfiguration$JpaWebConfiguration : spring.jpa.open-in-view is enabled by default. Therefore, database queries may be performed during view rendering. Explicitly configure spring.jpa.open-in-view to disable this warning
2026-01-02T07:18:53.703Z  INFO 29582 --- [SmartMusicSystem] [           main] o.s.v.b.OptionalValidatorFactoryBean     : Failed to set up a Bean Validation provider: jakarta.validation.NoProviderFoundException: Unable to create a Configuration, because no Jakarta Validation provider could be found. Add a provider like Hibernate Validator (RI) to your classpath.
2026-01-02T07:18:54.500Z  INFO 29582 --- [SmartMusicSystem] [           main] c.e.S.SmartMusicSystemApplicationTests   : Started SmartMusicSystemApplicationTests in 6.995 seconds (process running for 8.782)
]]></system-out>
  </testcase>
</testsuite>