<?xml version="1.0" encoding="UTF-8"?>
<testsuite xmlns:xsi="http://www.w3.org/2001/XMLSchema-instance" xsi:noNamespaceSchemaLocation="https://maven.apache.org/surefire/maven-surefire-plugin/xsd/surefire-test-report.xsd" version="3.0.2" name="com.example.SmartEventManagement.SmartEventManagementApplicationTests" time="9.183" tests="1" errors="0" skipped="0" failures="0">
  <properties>
[...]
</properties>
  <testcase name="contextLoads" classname="com.example.SmartEventManagement.SmartEventManagementApplicationTests" time="0.77">
    <system-out><![CDATA[17:42:20.141 [main] INFO org.springframework.test.context.support.AnnotationConfigContextLoaderUtils -- Could not detect default configuration classes for test class [com.example.SmartEventManagement.SmartEventManagementApplicationTests]: SmartEventManagementApplicationTests does not declare any static, non-private, non-final, nested classes annotated with @Configuration.
17:42:20.320 [main] INFO org.springframework.boot.test.context.SpringBootTestContextBootstrapper -- Found @SpringBootConfiguration com.example.SmartEventManagement.SmartEventManagementApplication for test class com.example.SmartEventManagement.SmartEventManagementApplicationTests

  .   ____          _            __ _ _
 /\\ / ___'_ __ _ _(_)_ __  __ _ \ \ \ \
( ( )\___ | '_ | '_| | '_ \/ _` | \ \ \ \
 \\/  ___)| |_)| | | | | || (_| |  ) ) ) )
  '  |____| .__|_| |_|_| |_\__, | / / / /
 =========|_|==============|___/=/_/_/_/

 :: Spring Boot ::                (v3.4.1)

2025-12-30T17:42:21.448Z  INFO 14102 --- [SmartEventManagement] [           main] e.S.SmartEventManagementApplicationTests : Starting SmartEventManagementApplicationTests using Java 17.0.17 with PID 14102 (started by labuser in /home/labuser/Downloads/SmartEventManagement)
2025-12-30T17:42:21.451Z  INFO 14102 --- [SmartEventManagement] [           main] e.S.SmartEventManagementApplicationTests : No active profile set, falling back to 1 default profile: "default"
2025-12-30T17:42:22.955Z  INFO 14102 --- [SmartEventManagement] [           main] .s.d.r.c.RepositoryConfigurationDelegate : Bootstrapping Spring Data JPA repositories in DEFAULT mode.
2025-12-30T17:42:23.100Z  INFO 14102 --- [SmartEventManagement] [           main] .s.d.r.c.RepositoryConfigurationDelegate : Finished Spring Data repository scanning in 124 ms. Found 3 JPA repository interfaces.
2025-12-30T17:42:23.896Z  INFO 14102 --- [SmartEventManagement] [           main] o.hibernate.jpa.internal.util.LogHelper  : HHH000204: Processing PersistenceUnitInfo [name: default]
2025-12-30T17:42:23.982Z  INFO 14102 --- [SmartEventManagement] [           main] org.hibernate.Version                    : HHH000412: Hibernate ORM core version 6.6.4.Final
2025-12-30T17:42:24.039Z  INFO 14102 --- [SmartEventManagement] [           main] o.h.c.internal.RegionFactoryInitiator    : HHH000026: Second-level cache disabled
2025-12-30T17:42:24.438Z  INFO 14102 --- [SmartEventManagement] [           main] o.s.o.j.p.SpringPersistenceUnitInfo      : No LoadTimeWeaver setup: ignoring JPA class transformer
2025-12-30T17:42:24.477Z  INFO 14102 --- [SmartEventManagement] [           main] com.zaxxer.hikari.HikariDataSource       : HikariPool-1 - Starting...
2025-12-30T17:42:25.003Z  INFO 14102 --- [SmartEventManagement] [           main] com.zaxxer.hikari.pool.HikariPool        : HikariPool-1 - Added connection com.mysql.cj.jdbc.ConnectionImpl@54bb1194
2025-12-30T17:42:25.007Z  INFO 14102 --- [SmartEventManagement] [           main] com.zaxxer.hikari.HikariDataSource       : HikariPool-1 - Start completed.
2025-12-30T17:42:25.081Z  WARN 14102 --- [SmartEventManagement] [           main] org.hibernate.orm.deprecation            : HHH90000025: MySQL8Dialect does not need to be specified explicitly using 'hibernate.dialect' (remove the property setting and it will be selected by default)
2025-12-30T17:42:25.082Z  WARN 14102 --- [SmartEventManagement] [           main] org.hibernate.orm.deprecation            : HHH90000026: MySQL8Dialect has been deprecated; use org.hibernate.dialect.MySQLDialect instead
2025-12-30T17:42:25.117Z  INFO 14102 --- [SmartEventManagement] [           main] org.hibernate.orm.connections.pooling    : HHH10001005: Database info:
	Database JDBC URL [Connecting through datasource 'HikariDataSource (HikariPool-1)']
	Database driver: undefined/unknown
	Database version: 8.0
	Autocommit mode: undefined/unknown
	Isolation level: undefined/unknown
	Minimum pool size: undefined/unknown
	Maximum pool size: undefined/unknown
2025-12-30T17:42:26.492Z  INFO 14102 --- [SmartEventManagement] [           main] o.h.e.t.j.p.i.JtaPlatformInitiator       : HHH000489: No JTA platform available (set 'hibernate.transaction.jta.platform' to enable JTA platform integration)
Hibernate: create table attendee (attendee_id bigint not null auto_increment, email varchar(255), name varchar(255), primary key (attendee_id)) engine=InnoDB
Hibernate: create table event (event_id bigint not null auto_increment, date date, location varchar(255), title varchar(255), primary key (event_id)) engine=InnoDB
Hibernate: create table registration (registration_id bigint not null auto_increment, event_event_id bigint, primary key (registration_id)) engine=InnoDB
Hibernate: create table registration_attendees (registration_registration_id bigint not null, attendees_attendee_id bigint not null) engine=InnoDB
Hibernate: alter table registration add constraint FKbian7juyewbo97v9xv4pkkch5 foreign key (event_event_id) references event (event_id)
Hibernate: alter table registration_attendees add constraint FKjwicwojwtlmyqxlb5skm72wys foreign key (attendees_attendee_id) references attendee (attendee_id)
Hibernate: alter table registration_attendees add constraint FK47ybaqu7pjbs7w87i31lmp1k5 foreign key (registration_registration_id) references registration (registration_id)
2025-12-30T17:42:27.154Z  INFO 14102 --- [SmartEventManagement] [           main] j.LocalContainerEntityManagerFactoryBean : Initialized JPA EntityManagerFactory for persistence unit 'default'
2025-12-30T17:42:27.741Z  WARN 14102 --- [SmartEventManagement] [           main] JpaBaseConfiguration$JpaWebConfiguration : spring.jpa.open-in-view is enabled by default. Therefore, database queries may be performed during view rendering. Explicitly configure spring.jpa.open-in-view to disable this warning
2025-12-30T17:42:28.302Z  INFO 14102 --- [SmartEventManagement] [           main] e.S.SmartEventManagementApplicationTests : Started SmartEventManagementApplicationTests in 7.715 seconds (process running for 9.205)
]]></system-out>
  </testcase>
</testsuite>